<?xml version="1.0" encoding="UTF-8"?>
<!-- Generated by org.testng.reporters.JUnitXMLReporter -->
<testsuite hostname="DESKTOP-6OB3PK9" name="QA Agility Test chrome" tests="1" failures="0" timestamp="23 Jan 2021 11:26:29 GMT" time="0.591" errors="0">
  <testcase name="@BeforeMethod setup" time="0.0" classname="test.AmzonSearchProductTest">
    <failure type="java.lang.IllegalStateException" message="The driver executable does not exist: F:\EclipseWorkspace\MavenProject\src\main\resources\drivers\chromedriver.exe">
      <![CDATA[java.lang.IllegalStateException: The driver executable does not exist: F:\EclipseWorkspace\MavenProject\src\main\resources\drivers\chromedriver.exe
	at com.google.common.base.Preconditions.checkState(Preconditions.java:585)
	at org.openqa.selenium.remote.service.DriverService.checkExecutable(DriverService.java:146)
	at org.openqa.selenium.remote.service.DriverService.findExecutable(DriverService.java:141)
	at org.openqa.selenium.chrome.ChromeDriverService.access$000(ChromeDriverService.java:35)
	at org.openqa.selenium.chrome.ChromeDriverService$Builder.findDefaultExecutable(ChromeDriverService.java:159)
	at org.openqa.selenium.remote.service.DriverService$Builder.build(DriverService.java:355)
	at org.openqa.selenium.chrome.ChromeDriverService.createDefaultService(ChromeDriverService.java:94)
	at org.openqa.selenium.chrome.ChromeDriver.<init>(ChromeDriver.java:123)
	at utility.DriverBuilder.createDriver(DriverBuilder.java:24)
	at utility.BaseTestMethods.setup(BaseTestMethods.java:12)
... Removed 26 stack frames]]>
    </failure>
  </testcase> <!-- @BeforeMethod setup -->
  <testcase name="searchProduct" time="0.004" classname="test.AmzonSearchProductTest">
    <skipped/>
  </testcase> <!-- searchProduct -->
</testsuite> <!-- QA Agility Test chrome -->
